<?xml version="1.0" encoding="UTF-8"?>
<testsuite xmlns:xsi="http://www.w3.org/2001/XMLSchema-instance" xsi:noNamespaceSchemaLocation="https://maven.apache.org/surefire/maven-surefire-plugin/xsd/surefire-test-report-3.0.xsd" version="3.0" name="com.librarysystem.service.BookServiceTest" time="2.57" tests="13" errors="0" skipped="0" failures="0">
  <properties>
[...]
</properties>
  <testcase name="testGetAllBooks" classname="com.librarysystem.service.BookServiceTest" time="1.55">
    <system-err><![CDATA[WARNING: A Java agent has been loaded dynamically (/home/jules/.m2/repository/net/bytebuddy/byte-buddy-agent/1.14.15/byte-buddy-agent-1.14.15.jar)
WARNING: If a serviceability tool is in use, please run with -XX:+EnableDynamicAgentLoading to hide this warning
WARNING: If a serviceability tool is not in use, please run with -Djdk.instrument.traceUsage for more information
WARNING: Dynamic loading of agents will be disallowed by default in a future release
]]></system-err>
  </testcase>
  <testcase name="testFindBookByIsbn_NotExists" classname="com.librarysystem.service.BookServiceTest" time="0.143"/>
  <testcase name="testAddBook_InvalidParameters_ReturnsFalse" classname="com.librarysystem.service.BookServiceTest" time="0.16">
    <system-out><![CDATA[18:31:21.628 [main] WARN com.librarysystem.service.BookService - Attempted to add book with invalid parameters.
18:31:21.632 [main] WARN com.librarysystem.service.BookService - Attempted to add book with invalid parameters.
18:31:21.632 [main] WARN com.librarysystem.service.BookService - Attempted to add book with invalid parameters.
18:31:21.633 [main] WARN com.librarysystem.service.BookService - Attempted to add book with invalid parameters.
18:31:21.633 [main] WARN com.librarysystem.service.BookService - Attempted to add book with invalid parameters.
]]></system-out>
  </testcase>
  <testcase name="testFindBookByIsbn_Exists" classname="com.librarysystem.service.BookServiceTest" time="0.136"/>
  <testcase name="testPopulateDatabaseWithSampleBooksIfEmpty_WhenEmpty" classname="com.librarysystem.service.BookServiceTest" time="0.348">
    <system-out><![CDATA[18:31:21.927 [main] INFO com.librarysystem.service.BookService - Book table is empty. Populating with 100 sample books...
18:31:21.949 [main] INFO com.librarysystem.service.BookService - Book added successfully: Recalled to Life by Kris Conn
18:31:21.959 [main] INFO com.librarysystem.service.BookService - Book added successfully: Paths of Glory by Skye Lehner
18:31:21.961 [main] INFO com.librarysystem.service.BookService - Book added successfully: The Wealth of Nations by Mr. Cherilyn Harris
18:31:21.964 [main] INFO com.librarysystem.service.BookService - Book added successfully: Wildfire at Midnight by Ms. Echo Stracke
18:31:21.966 [main] INFO com.librarysystem.service.BookService - Book added successfully: Nine Coaches Waiting by Elbert McKenzie
18:31:21.968 [main] INFO com.librarysystem.service.BookService - Book added successfully: That Hideous Strength by Nora Morar
18:31:21.970 [main] INFO com.librarysystem.service.BookService - Book added successfully: Butter In a Lordly Dish by Robbi Runolfsson
18:31:21.973 [main] INFO com.librarysystem.service.BookService - Book added successfully: In Dubious Battle by Shelby Rath
18:31:21.975 [main] INFO com.librarysystem.service.BookService - Book added successfully: The Moving Toyshop by Ms. Grady Cassin
18:31:21.978 [main] INFO com.librarysystem.service.BookService - Book added successfully: The Heart Is a Lonely Hunter by Odis Wolff
18:31:21.981 [main] INFO com.librarysystem.service.BookService - Book added successfully: The Violent Bear It Away by Cherrie Auer
18:31:21.983 [main] INFO com.librarysystem.service.BookService - Book added successfully: I Sing the Body Electric by Milan Daniel
18:31:21.986 [main] INFO com.librarysystem.service.BookService - Book added successfully: The Mirror Crack'd from Side to Side by Ms. Ellie Fadel
18:31:21.988 [main] INFO com.librarysystem.service.BookService - Book added successfully: The Little Foxes by Neil Weissnat
18:31:21.991 [main] INFO com.librarysystem.service.BookService - Book added successfully: Let Us Now Praise Famous Men by Miss Alfred Gaylord
18:31:21.993 [main] INFO com.librarysystem.service.BookService - Book added successfully: Antic Hay by Irina Harris
18:31:21.995 [main] INFO com.librarysystem.service.BookService - Book added successfully: All Passion Spent by Kristeen Aufderhar
18:31:21.997 [main] INFO com.librarysystem.service.BookService - Book added successfully: Rosemary Sutcliff by Arnulfo Simonis
18:31:21.999 [main] INFO com.librarysystem.service.BookService - Book added successfully: Tiger! Tiger! by Joana Botsford
18:31:22.001 [main] INFO com.librarysystem.service.BookService - Book added successfully: That Hideous Strength by Lillia Muller
18:31:22.003 [main] INFO com.librarysystem.service.BookService - Book added successfully: Mother Night by Soo Hoppe
18:31:22.006 [main] INFO com.librarysystem.service.BookService - Book added successfully: If Not Now, When? by Kory Schulist II
18:31:22.008 [main] INFO com.librarysystem.service.BookService - Book added successfully: The Green Bay Tree by Jannie Larkin MD
18:31:22.010 [main] INFO com.librarysystem.service.BookService - Book added successfully: In a Glass Darkly by Miss Ellena Moen
18:31:22.012 [main] INFO com.librarysystem.service.BookService - Book added successfully: Butter In a Lordly Dish by Adeline Bogan
18:31:22.014 [main] INFO com.librarysystem.service.BookService - Book added successfully: Death Be Not Proud by Dr. Georgia Lueilwitz
18:31:22.017 [main] INFO com.librarysystem.service.BookService - Book added successfully: The Heart Is a Lonely Hunter by Mrs. Yer Jerde
18:31:22.018 [main] INFO com.librarysystem.service.BookService - Book added successfully: Lilies of the Field by Alvin Crona
18:31:22.020 [main] INFO com.librarysystem.service.BookService - Book added successfully: Fair Stood the Wind for France by Daniel Klein IV
18:31:22.022 [main] INFO com.librarysystem.service.BookService - Book added successfully: The Far-Distant Oxus by Dr. Gregg Hoppe
18:31:22.025 [main] INFO com.librarysystem.service.BookService - Book added successfully: This Side of Paradise by Maple Veum
18:31:22.026 [main] INFO com.librarysystem.service.BookService - Book added successfully: Jesting Pilate by Lola Aufderhar
18:31:22.028 [main] INFO com.librarysystem.service.BookService - Book added successfully: To a God Unknown by Willie Halvorson DVM
18:31:22.030 [main] INFO com.librarysystem.service.BookService - Book added successfully: An Acceptable Time by Dr. Roseanne Conroy
18:31:22.032 [main] INFO com.librarysystem.service.BookService - Book added successfully: The Last Temptation by Mrs. Arlyne Raynor
18:31:22.033 [main] INFO com.librarysystem.service.BookService - Book added successfully: East of Eden by Micah Parisian
18:31:22.035 [main] INFO com.librarysystem.service.BookService - Book added successfully: The Lathe of Heaven by Dannette Fadel
18:31:22.037 [main] INFO com.librarysystem.service.BookService - Book added successfully: Jesting Pilate by Valentine Haley
18:31:22.039 [main] INFO com.librarysystem.service.BookService - Book added successfully: Eyeless in Gaza by Ken Bayer
18:31:22.041 [main] INFO com.librarysystem.service.BookService - Book added successfully: The Last Temptation by Krysten Abshire
18:31:22.043 [main] INFO com.librarysystem.service.BookService - Book added successfully: Ego Dominus Tuus by Clare Wyman
18:31:22.044 [main] INFO com.librarysystem.service.BookService - Book added successfully: I Know Why the Caged Bird Sings by Darren Kautzer Sr.
18:31:22.046 [main] INFO com.librarysystem.service.BookService - Book added successfully: Blithe Spirit by Dr. Tracey Corkery
18:31:22.048 [main] INFO com.librarysystem.service.BookService - Book added successfully: Sleep the Brave by Mr. Delma Wiegand
18:31:22.050 [main] INFO com.librarysystem.service.BookService - Book added successfully: In Death Ground by Carter Lynch
18:31:22.052 [main] INFO com.librarysystem.service.BookService - Book added successfully: An Evil Cradling by Mr. Stephanie Senger
18:31:22.054 [main] INFO com.librarysystem.service.BookService - Book added successfully: Behold the Man by Cami Feest
18:31:22.056 [main] INFO com.librarysystem.service.BookService - Book added successfully: Endless Night by Paul D'Amore
18:31:22.057 [main] INFO com.librarysystem.service.BookService - Book added successfully: To Your Scattered Bodies Go by Elza Torp
18:31:22.059 [main] INFO com.librarysystem.service.BookService - Book added successfully: The Golden Apples of the Sun by Mabel Deckow
18:31:22.061 [main] INFO com.librarysystem.service.BookService - Book added successfully: The Way Through the Woods by Maynard Lebsack III
18:31:22.062 [main] INFO com.librarysystem.service.BookService - Book added successfully: Nectar in a Sieve by Mr. Meggan Schamberger
18:31:22.064 [main] INFO com.librarysystem.service.BookService - Book added successfully: Cabbages and Kings by Dr. Sena Dach
18:31:22.066 [main] INFO com.librarysystem.service.BookService - Book added successfully: Gone with the Wind by Bunny Reinger
18:31:22.068 [main] INFO com.librarysystem.service.BookService - Book added successfully: Down to a Sunless Sea by Tarsha Bayer
18:31:22.069 [main] INFO com.librarysystem.service.BookService - Book added successfully: What's Become of Waring by Malcolm Johns
18:31:22.071 [main] INFO com.librarysystem.service.BookService - Book added successfully: When the Green Woods Laugh by Adaline Rempel
18:31:22.072 [main] INFO com.librarysystem.service.BookService - Book added successfully: Jacob Have I Loved by Stanford Kreiger
18:31:22.074 [main] INFO com.librarysystem.service.BookService - Book added successfully: The Wealth of Nations by Ms. Ben Ortiz
18:31:22.076 [main] INFO com.librarysystem.service.BookService - Book added successfully: The Needle's Eye by Milo Corwin
18:31:22.077 [main] INFO com.librarysystem.service.BookService - Book added successfully: The Far-Distant Oxus by Agnes Mosciski
18:31:22.079 [main] INFO com.librarysystem.service.BookService - Book added successfully: A Swiftly Tilting Planet by Mrs. Ali Gislason
18:31:22.081 [main] INFO com.librarysystem.service.BookService - Book added successfully: An Instant In The Wind by Ruthie Boehm
18:31:22.082 [main] INFO com.librarysystem.service.BookService - Book added successfully: The Green Bay Tree by Laurence O'Reilly
18:31:22.084 [main] INFO com.librarysystem.service.BookService - Book added successfully: Clouds of Witness by Deirdre Gerhold III
18:31:22.085 [main] INFO com.librarysystem.service.BookService - Book added successfully: The Last Temptation by Stephane Hand
18:31:22.087 [main] INFO com.librarysystem.service.BookService - Book added successfully: Have His Carcase by Antonietta Reichert PhD
18:31:22.088 [main] INFO com.librarysystem.service.BookService - Book added successfully: The Heart Is a Lonely Hunter by Andy Erdman
18:31:22.090 [main] INFO com.librarysystem.service.BookService - Book added successfully: Eyeless in Gaza by Liberty Considine
18:31:22.091 [main] INFO com.librarysystem.service.BookService - Book added successfully: The Parliament of Man by Jacquetta Schulist
18:31:22.093 [main] INFO com.librarysystem.service.BookService - Book added successfully: Alone on a Wide, Wide Sea by Miss Mike Welch
18:31:22.094 [main] INFO com.librarysystem.service.BookService - Book added successfully: The Monkey's Raincoat by Augustus Luettgen
18:31:22.096 [main] INFO com.librarysystem.service.BookService - Book added successfully: The Monkey's Raincoat by Rosaria Hamill
18:31:22.097 [main] INFO com.librarysystem.service.BookService - Book added successfully: The Grapes of Wrath by Miss Jenniffer Ullrich
18:31:22.098 [main] INFO com.librarysystem.service.BookService - Book added successfully: No Country for Old Men by Abbey Kautzer
18:31:22.100 [main] INFO com.librarysystem.service.BookService - Book added successfully: The Wind's Twelve Quarters by Bess Wilderman
18:31:22.101 [main] INFO com.librarysystem.service.BookService - Book added successfully: No Highway by Miss Reina Ziemann
18:31:22.103 [main] INFO com.librarysystem.service.BookService - Book added successfully: The Torment of Others by Ms. Kaycee Muller
18:31:22.104 [main] INFO com.librarysystem.service.BookService - Book added successfully: Down to a Sunless Sea by Christopher Thompson IV
18:31:22.105 [main] INFO com.librarysystem.service.BookService - Book added successfully: Nine Coaches Waiting by Jamison Kihn
18:31:22.107 [main] INFO com.librarysystem.service.BookService - Book added successfully: If Not Now, When? by Dina Jakubowski
18:31:22.108 [main] INFO com.librarysystem.service.BookService - Book added successfully: Dance Dance Dance by Lynn Greenholt
18:31:22.110 [main] INFO com.librarysystem.service.BookService - Book added successfully: The Way Through the Woods by Timothy Zemlak
18:31:22.111 [main] INFO com.librarysystem.service.BookService - Book added successfully: Fame Is the Spur by Rosalee Tillman IV
18:31:22.112 [main] INFO com.librarysystem.service.BookService - Book added successfully: A Glass of Blessings by Dr. Marry Skiles
18:31:22.114 [main] INFO com.librarysystem.service.BookService - Book added successfully: Carrion Comfort by Eufemia Donnelly
18:31:22.115 [main] INFO com.librarysystem.service.BookService - Book added successfully: Those Barren Leaves, Thrones, Dominations by Mr. Casandra Lebsack
18:31:22.116 [main] INFO com.librarysystem.service.BookService - Book added successfully: The Heart Is Deceitful Above All Things by Tari Torp
18:31:22.118 [main] INFO com.librarysystem.service.BookService - Book added successfully: To Say Nothing of the Dog by Lynn Keebler
18:31:22.119 [main] INFO com.librarysystem.service.BookService - Book added successfully: Blood's a Rover by Darron Schneider Jr.
18:31:22.121 [main] INFO com.librarysystem.service.BookService - Book added successfully: Mr Standfast by Gayla Fadel
18:31:22.123 [main] INFO com.librarysystem.service.BookService - Book added successfully: In a Dry Season by Natisha Nolan
18:31:22.124 [main] INFO com.librarysystem.service.BookService - Book added successfully: The Violent Bear It Away by Deja Pacocha
18:31:22.125 [main] INFO com.librarysystem.service.BookService - Book added successfully: Consider the Lilies by Kenda Considine
18:31:22.126 [main] INFO com.librarysystem.service.BookService - Book added successfully: An Evil Cradling by Tony Runte
18:31:22.128 [main] INFO com.librarysystem.service.BookService - Book added successfully: A Swiftly Tilting Planet by Eli Kshlerin
18:31:22.129 [main] INFO com.librarysystem.service.BookService - Book added successfully: The Wings of the Dove by Fernanda Dach
18:31:22.130 [main] INFO com.librarysystem.service.BookService - Book added successfully: The Curious Incident of the Dog in the Night-Time by Keenan Quitzon
18:31:22.132 [main] INFO com.librarysystem.service.BookService - Book added successfully: Nectar in a Sieve by Kellie Fisher
18:31:22.133 [main] INFO com.librarysystem.service.BookService - Book added successfully: The Heart Is a Lonely Hunter by Damion Smitham
18:31:22.133 [main] INFO com.librarysystem.service.BookService - Successfully added 100 sample books to the database.
]]></system-out>
  </testcase>
  <testcase name="testRemoveBook_Success" classname="com.librarysystem.service.BookServiceTest" time="0.031">
    <system-out><![CDATA[18:31:22.169 [main] INFO com.librarysystem.service.BookService - Book removed successfully: 9790020427000
]]></system-out>
  </testcase>
  <testcase name="testUpdateBookDetails_Success" classname="com.librarysystem.service.BookServiceTest" time="0.022">
    <system-out><![CDATA[18:31:22.192 [main] INFO com.librarysystem.service.BookService - Book updated successfully: 9791003261574
]]></system-out>
  </testcase>
  <testcase name="testFindBookByIsbn_NullOrEmptyIsbn_ReturnsEmpty" classname="com.librarysystem.service.BookServiceTest" time="0.018">
    <system-out><![CDATA[18:31:22.213 [main] DEBUG com.librarysystem.service.BookService - ISBN for search is null or empty.
18:31:22.213 [main] DEBUG com.librarysystem.service.BookService - ISBN for search is null or empty.
]]></system-out>
  </testcase>
  <testcase name="testPopulateDatabaseWithSampleBooksIfEmpty_WhenNotEmpty" classname="com.librarysystem.service.BookServiceTest" time="0.035">
    <system-out><![CDATA[18:31:22.249 [main] INFO com.librarysystem.service.BookService - Book table is not empty. Skipping sample data population.
]]></system-out>
  </testcase>
  <testcase name="testUpdateBookDetails_BookNotFound" classname="com.librarysystem.service.BookServiceTest" time="0.018">
    <system-out><![CDATA[18:31:22.268 [main] WARN com.librarysystem.service.BookService - Attempted to update non-existent book with ISBN: nonexistentisbn
]]></system-out>
  </testcase>
  <testcase name="testAddBook_Success" classname="com.librarysystem.service.BookServiceTest" time="0.018">
    <system-out><![CDATA[18:31:22.287 [main] INFO com.librarysystem.service.BookService - Book added successfully: This Side of Paradise by Dewitt O'Kon
]]></system-out>
  </testcase>
  <testcase name="testAddBook_DuplicateIsbn" classname="com.librarysystem.service.BookServiceTest" time="0.018">
    <system-out><![CDATA[18:31:22.307 [main] WARN com.librarysystem.service.BookService - Attempted to add book with duplicate ISBN: 9791042204334
]]></system-out>
  </testcase>
  <testcase name="testRemoveBook_NullOrEmptyIsbn_ReturnsFalse" classname="com.librarysystem.service.BookServiceTest" time="0.017">
    <system-out><![CDATA[18:31:22.325 [main] WARN com.librarysystem.service.BookService - Attempted to remove book with null or empty ISBN.
18:31:22.325 [main] WARN com.librarysystem.service.BookService - Attempted to remove book with null or empty ISBN.
]]></system-out>
  </testcase>
</testsuite>