<?xml version="1.0" encoding="UTF-8"?>
<testsuite xmlns:xsi="http://www.w3.org/2001/XMLSchema-instance" xsi:noNamespaceSchemaLocation="https://maven.apache.org/surefire/maven-surefire-plugin/xsd/surefire-test-report-3.0.xsd" version="3.0" name="com.librarysystem.service.LibraryServiceTest" time="0.178" tests="7" errors="0" skipped="0" failures="0">
  <properties>
[...]
</properties>
  <testcase name="testBorrowBook_BookIdPkMissing" classname="com.librarysystem.service.LibraryServiceTest" time="0.134">
    <system-out><![CDATA[18:31:22.470 [main] ERROR com.librarysystem.service.LibraryService - Failed to update book availability for ISBN 1234567890 during borrow operation. Aborting.
]]></system-out>
  </testcase>
  <testcase name="testReturnBook_NoActiveBorrowingRecord" classname="com.librarysystem.service.LibraryServiceTest" time="0.004">
    <system-out><![CDATA[18:31:22.476 [main] WARN com.librarysystem.service.LibraryService - Return attempt failed: No active borrowing record found for book ISBN 1234567890 by user ID 1, or already returned.
]]></system-out>
  </testcase>
  <testcase name="testBorrowBook_UserNotFound" classname="com.librarysystem.service.LibraryServiceTest" time="0.002">
    <system-out><![CDATA[18:31:22.482 [main] WARN com.librarysystem.service.LibraryService - Borrow attempt failed: User with ID 99 not found.
]]></system-out>
  </testcase>
  <testcase name="testBorrowBook_NoCopiesAvailable" classname="com.librarysystem.service.LibraryServiceTest" time="0.004">
    <system-out><![CDATA[18:31:22.486 [main] WARN com.librarysystem.service.LibraryService - Borrow attempt failed: Book 'Test Book' (ISBN: 1234567890) is not available (0 copies available).
]]></system-out>
  </testcase>
  <testcase name="testBorrowBook_Success" classname="com.librarysystem.service.LibraryServiceTest" time="0.013">
    <system-out><![CDATA[18:31:22.491 [main] INFO com.librarysystem.service.LibraryService - Book 'Test Book' (ISBN: 1234567890) borrowed successfully by user ID 1. Due on 2025-07-25T18:31:22.491495021.
]]></system-out>
  </testcase>
  <testcase name="testReturnBook_Success" classname="com.librarysystem.service.LibraryServiceTest" time="0.008">
    <system-out><![CDATA[18:31:22.505 [main] INFO com.librarysystem.service.LibraryService - Book 'Test Book' (ISBN: 1234567890) returned successfully by user ID 1.
]]></system-out>
  </testcase>
  <testcase name="testBorrowBook_BookNotFound" classname="com.librarysystem.service.LibraryServiceTest" time="0.003">
    <system-out><![CDATA[18:31:22.512 [main] WARN com.librarysystem.service.LibraryService - Borrow attempt failed: Book with ISBN nonexistentisbn not found.
]]></system-out>
  </testcase>
</testsuite>